<?xml version="1.0" encoding="UTF-8"?>
<testng-results ignored="0" total="1" passed="1" failed="0" skipped="0">
  <reporter-output>
  </reporter-output>
  <suite started-at="2022-12-17T19:39:06 BDT" name="Default suite" finished-at="2022-12-17T19:39:52 BDT" duration-ms="45984">
    <groups>
    </groups>
    <test started-at="2022-12-17T19:39:06 BDT" name="Default test" finished-at="2022-12-17T19:39:52 BDT" duration-ms="45984">
      <class name="fahad.com.AutomationExam.TaskFive">
        <test-method signature="TaskFiveSolution()[pri:0, instance:fahad.com.AutomationExam.TaskFive@49ec71f8]" started-at="2022-12-17T19:39:06 BDT" name="TaskFiveSolution" finished-at="2022-12-17T19:39:51 BDT" duration-ms="45868" status="PASS">
          <reporter-output>
          </reporter-output>
        </test-method> <!-- TaskFiveSolution -->
      </class> <!-- fahad.com.AutomationExam.TaskFive -->
    </test> <!-- Default test -->
  </suite> <!-- Default suite -->
</testng-results>
